2017-08-06 Sunday 21:07:14 logs.py-line:46 [INFO] : Run run_1<> costs time: 3001 ms
2017-08-08 Tuesday 21:53:39 logs.py-line:68 [ERROR] : BOOM!!! In File 'D:/Workspace/myutils3/configs.py', line 93, class[Config] - function<write>
2017-08-08 Tuesday 21:53:39 logs.py-line:68 [ERROR] : Error details-- TypeError, option values must be strings
2017-08-08 Tuesday 21:53:39 logs.py-line:68 [ERROR] : Input Parameters-- (<__main__.Config object at 0x00000000023DF390>, 's1', {'a': 1, 'b': 2})
2017-08-08 Tuesday 21:53:39 logs.py-line:35 [DEBUG] : Traceback (most recent call last):
  File "D:\Workspace\myutils3\check.py", line 48, in __check
    return func(*args, **kwargs)
  File "D:/Workspace/myutils3/configs.py", line 93, in write
    self.cf.set(section, k, v)
  File "C:\Python36\lib\configparser.py", line 1192, in set
    self._validate_value_types(option=option, value=value)
  File "C:\Python36\lib\configparser.py", line 1177, in _validate_value_types
    raise TypeError("option values must be strings")
TypeError: option values must be strings

2017-08-08 Tuesday 21:53:39 logs.py-line:68 [ERROR] : 

2017-08-08 Tuesday 21:53:39 logs.py-line:68 [ERROR] : BOOM!!! In File 'D:/Workspace/myutils3/configs.py', line 93, class[Config] - function<write>
2017-08-08 Tuesday 21:53:39 logs.py-line:68 [ERROR] : Error details-- TypeError, option values must be strings
2017-08-08 Tuesday 21:53:39 logs.py-line:68 [ERROR] : Input Parameters-- (<__main__.Config object at 0x00000000023DF390>, 's2', {'c': 1, 'd': 2})
2017-08-08 Tuesday 21:53:39 logs.py-line:35 [DEBUG] : Traceback (most recent call last):
  File "D:\Workspace\myutils3\check.py", line 48, in __check
    return func(*args, **kwargs)
  File "D:/Workspace/myutils3/configs.py", line 93, in write
    self.cf.set(section, k, v)
  File "C:\Python36\lib\configparser.py", line 1192, in set
    self._validate_value_types(option=option, value=value)
  File "C:\Python36\lib\configparser.py", line 1177, in _validate_value_types
    raise TypeError("option values must be strings")
TypeError: option values must be strings

2017-08-08 Tuesday 21:53:39 logs.py-line:68 [ERROR] : 

2017-08-10 Thursday 21:57:17 logs.py-line:68 [ERROR] : BOOM!!! In File 'D:/Workspace/myutils3/configs.py', line 93, class[Config] - function<write>
2017-08-10 Thursday 21:57:17 logs.py-line:68 [ERROR] : Error details-- TypeError, option values must be strings
2017-08-10 Thursday 21:57:17 logs.py-line:68 [ERROR] : Input Parameters-- (<__main__.Config object at 0x0000000002A1F390>, 's1', {'a': 1, 'b': 2})
2017-08-10 Thursday 21:57:17 logs.py-line:35 [DEBUG] : Traceback (most recent call last):
  File "D:\Workspace\myutils3\check.py", line 48, in __check
    return func(*args, **kwargs)
  File "D:/Workspace/myutils3/configs.py", line 93, in write
    self.cf.set(section, k, v)
  File "C:\Python36\lib\configparser.py", line 1192, in set
    self._validate_value_types(option=option, value=value)
  File "C:\Python36\lib\configparser.py", line 1177, in _validate_value_types
    raise TypeError("option values must be strings")
TypeError: option values must be strings

2017-08-10 Thursday 21:57:18 logs.py-line:68 [ERROR] : 

2017-08-10 Thursday 21:57:18 logs.py-line:68 [ERROR] : BOOM!!! In File 'D:/Workspace/myutils3/configs.py', line 93, class[Config] - function<write>
2017-08-10 Thursday 21:57:18 logs.py-line:68 [ERROR] : Error details-- TypeError, option values must be strings
2017-08-10 Thursday 21:57:18 logs.py-line:68 [ERROR] : Input Parameters-- (<__main__.Config object at 0x0000000002A1F390>, 's2', {'c': 1, 'd': 2})
2017-08-10 Thursday 21:57:18 logs.py-line:35 [DEBUG] : Traceback (most recent call last):
  File "D:\Workspace\myutils3\check.py", line 48, in __check
    return func(*args, **kwargs)
  File "D:/Workspace/myutils3/configs.py", line 93, in write
    self.cf.set(section, k, v)
  File "C:\Python36\lib\configparser.py", line 1192, in set
    self._validate_value_types(option=option, value=value)
  File "C:\Python36\lib\configparser.py", line 1177, in _validate_value_types
    raise TypeError("option values must be strings")
TypeError: option values must be strings

2017-08-10 Thursday 21:57:18 logs.py-line:68 [ERROR] : 

